#
# There is insufficient memory for the Java Runtime Environment to continue.
# Native memory allocation (malloc) failed to allocate 195536 bytes for Chunk::new
# Possible reasons:
#   The system is out of physical RAM or swap space
#   In 32 bit mode, the process size limit was hit
# Possible solutions:
#   Reduce memory load on the system
#   Increase physical memory or swap space
#   Check if swap backing store is full
#   Use 64 bit Java on a 64 bit OS
#   Decrease Java heap size (-Xmx/-Xms)
#   Decrease number of Java threads
#   Decrease Java thread stack sizes (-Xss)
#   Set larger code cache with -XX:ReservedCodeCacheSize=
# This output file may be truncated or incomplete.
#
#  Out of Memory Error (allocation.cpp:390), pid=6452, tid=0x000000000000428c
#
# JRE version: Java(TM) SE Runtime Environment (8.0_121-b13) (build 1.8.0_121-b13)
# Java VM: Java HotSpot(TM) 64-Bit Server VM (25.121-b13 mixed mode windows-amd64 compressed oops)
# Failed to write core dump. Minidumps are not enabled by default on client versions of Windows
#

---------------  T H R E A D  ---------------

Current thread (0x0000000017782800):  JavaThread "C2 CompilerThread1" daemon [_thread_in_native, id=17036, stack(0x0000000018ed0000,0x0000000018fd0000)]

Stack: [0x0000000018ed0000,0x0000000018fd0000]
[error occurred during error reporting (printing stack bounds), id 0xc0000005]

Native frames: (J=compiled Java code, j=interpreted, Vv=VM code, C=native code)


Current CompileTask:
C2:    818  435  s    4       sun.misc.URLClassPath::getNextLoader (88 bytes)


---------------  P R O C E S S  ---------------

Java Threads: ( => current thread )
  0x00000000190f1800 JavaThread "Service Thread" daemon [_thread_blocked, id=36316, stack(0x00000000194d0000,0x00000000195d0000)]
  0x0000000017785800 JavaThread "C1 CompilerThread2" daemon [_thread_blocked, id=29764, stack(0x0000000018fd0000,0x00000000190d0000)]
=>0x0000000017782800 JavaThread "C2 CompilerThread1" daemon [_thread_in_native, id=17036, stack(0x0000000018ed0000,0x0000000018fd0000)]
  0x0000000017780000 JavaThread "C2 CompilerThread0" daemon [_thread_in_native, id=7032, stack(0x0000000018dd0000,0x0000000018ed0000)]
  0x000000001777c800 JavaThread "Attach Listener" daemon [_thread_blocked, id=35720, stack(0x0000000018cd0000,0x0000000018dd0000)]
  0x000000001777b000 JavaThread "Signal Dispatcher" daemon [_thread_blocked, id=32936, stack(0x0000000018bd0000,0x0000000018cd0000)]
  0x0000000002b5a800 JavaThread "Finalizer" daemon [_thread_blocked, id=9424, stack(0x00000000189e0000,0x0000000018ae0000)]
  0x0000000002b50000 JavaThread "Reference Handler" daemon [_thread_blocked, id=35960, stack(0x00000000188e0000,0x00000000189e0000)]
  0x0000000002a5d800 JavaThread "main" [_thread_in_Java, id=8892, stack(0x0000000002910000,0x0000000002a10000)]

Other Threads:
  0x0000000017747000 VMThread [stack: 0x00000000187e0000,0x00000000188e0000] [id=22084]
  0x0000000019126000 WatcherThread [stack: 0x00000000195d0000,0x00000000196d0000] [id=34304]

VM state:not at safepoint (normal execution)

VM Mutex/Monitor currently owned by a thread: None

Heap:
 PSYoungGen      total 38400K, used 12088K [0x00000000d5580000, 0x00000000d8000000, 0x0000000100000000)
  eden space 33280K, 36% used [0x00000000d5580000,0x00000000d614e060,0x00000000d7600000)
  from space 5120K, 0% used [0x00000000d7b00000,0x00000000d7b00000,0x00000000d8000000)
  to   space 5120K, 0% used [0x00000000d7600000,0x00000000d7600000,0x00000000d7b00000)
 ParOldGen       total 87552K, used 0K [0x0000000080000000, 0x0000000085580000, 0x00000000d5580000)
  object space 87552K, 0% used [0x0000000080000000,0x0000000080000000,0x0000000085580000)
 Metaspace       used 8558K, capacity 8662K, committed 8832K, reserved 1056768K
  class space    used 1041K, capacity 1073K, committed 1152K, reserved 1048576K

Card table byte_map: [0x0000000011f20000,0x0000000012330000] byte_map_base: 0x0000000011b20000

Marking Bits: (ParMarkBitMap*) 0x000000006152b6d0
 Begin Bits: [0x00000000129e0000, 0x00000000149e0000)
 End Bits:   [0x00000000149e0000, 0x00000000169e0000)

Polling page: 0x0000000002880000

CodeCache: size=245760Kb used=2459Kb max_used=2471Kb free=243300Kb
 bounds [0x0000000002b60000, 0x0000000002dd0000, 0x0000000011b60000]
 total_blobs=763 nmethods=469 adapters=208
 compilation: enabled

Compilation events (10 events):
Event: 0.795 Thread 0x0000000017785800  437       3       java.util.logging.LogManager::getProperty (9 bytes)
Event: 0.795 Thread 0x0000000017785800 nmethod 437 0x0000000002db4ed0 code [0x0000000002db5040, 0x0000000002db5248]
Event: 0.795 Thread 0x0000000017785800  438       3       java.util.Properties::getProperty (46 bytes)
Event: 0.795 Thread 0x0000000017785800 nmethod 438 0x0000000002db4710 code [0x0000000002db48a0, 0x0000000002db4db8]
Event: 0.795 Thread 0x0000000017785800  439       3       java.lang.ClassLoader::compareCerts (149 bytes)
Event: 0.796 Thread 0x0000000017785800 nmethod 439 0x0000000002db7390 code [0x0000000002db7560, 0x0000000002db7e18]
Event: 0.797 Thread 0x0000000017785800  440       3       java.io.File::exists (43 bytes)
Event: 0.797 Thread 0x0000000017785800 nmethod 440 0x0000000002db3fd0 code [0x0000000002db4160, 0x0000000002db45e8]
Event: 0.804 Thread 0x0000000017785800  441   !   3       sun.reflect.generics.parser.SignatureParser::current (40 bytes)
Event: 0.805 Thread 0x0000000017785800 nmethod 441 0x0000000002db3b90 code [0x0000000002db3d00, 0x0000000002db3eb0]

GC Heap History (0 events):
No events

Deoptimization events (1 events):
Event: 0.624 Thread 0x0000000002a5d800 Uncommon trap: reason=unstable_if action=reinterpret pc=0x0000000002cb9234 method=java.lang.String.indexOf([CII[CIII)I @ 134

Internal exceptions (7 events):
Event: 0.049 Thread 0x0000000002a5d800 Exception <a 'java/lang/NoSuchMethodError': Method sun.misc.Unsafe.defineClass(Ljava/lang/String;[BII)Ljava/lang/Class; name or signature does not match> (0x00000000d5587ca8) thrown at [C:\re\workspace\8-2-build-windows-amd64-cygwin\jdk8u121\8372\hotspot\
Event: 0.050 Thread 0x0000000002a5d800 Exception <a 'java/lang/NoSuchMethodError': Method sun.misc.Unsafe.prefetchRead(Ljava/lang/Object;J)V name or signature does not match> (0x00000000d5587f90) thrown at [C:\re\workspace\8-2-build-windows-amd64-cygwin\jdk8u121\8372\hotspot\src\share\vm\prims
Event: 0.233 Thread 0x0000000002a5d800 Exception <a 'java/security/PrivilegedActionException'> (0x00000000d58194b8) thrown at [C:\re\workspace\8-2-build-windows-amd64-cygwin\jdk8u121\8372\hotspot\src\share\vm\prims\jvm.cpp, line 1390]
Event: 0.234 Thread 0x0000000002a5d800 Exception <a 'java/security/PrivilegedActionException'> (0x00000000d58196c8) thrown at [C:\re\workspace\8-2-build-windows-amd64-cygwin\jdk8u121\8372\hotspot\src\share\vm\prims\jvm.cpp, line 1390]
Event: 0.234 Thread 0x0000000002a5d800 Exception <a 'java/security/PrivilegedActionException'> (0x00000000d581d360) thrown at [C:\re\workspace\8-2-build-windows-amd64-cygwin\jdk8u121\8372\hotspot\src\share\vm\prims\jvm.cpp, line 1390]
Event: 0.234 Thread 0x0000000002a5d800 Exception <a 'java/security/PrivilegedActionException'> (0x00000000d581d570) thrown at [C:\re\workspace\8-2-build-windows-amd64-cygwin\jdk8u121\8372\hotspot\src\share\vm\prims\jvm.cpp, line 1390]
Event: 0.268 Thread 0x0000000002a5d800 Exception <a 'java/lang/NoClassDefFoundError': org/apache/log4j/Priority> (0x00000000d5854830) thrown at [C:\re\workspace\8-2-build-windows-amd64-cygwin\jdk8u121\8372\hotspot\src\share\vm\classfile\systemDictionary.cpp, line 199]

Events (10 events):
Event: 0.807 loading class sun/misc/ProxyGenerator$ProxyMethod done
Event: 0.808 loading class sun/misc/ProxyGenerator$MethodInfo
Event: 0.808 loading class sun/misc/ProxyGenerator$MethodInfo done
Event: 0.808 loading class sun/misc/ProxyGenerator$ConstantPool$ValueEntry
Event: 0.808 loading class sun/misc/ProxyGenerator$ConstantPool$Entry
Event: 0.808 loading class sun/misc/ProxyGenerator$ConstantPool$Entry done
Event: 0.808 loading class sun/misc/ProxyGenerator$ConstantPool$ValueEntry done
Event: 0.808 loading class java/io/DataOutputStream
Event: 0.808 loading class java/io/DataOutput
Event: 0.808 loading class java/io/DataOutput done


Dynamic libraries:
0x00007ff757230000 - 0x00007ff757267000 	C:\Program Files\Java\jre1.8.0_121\bin\javaw.exe
0x00007ffff2390000 - 0x00007ffff2571000 	C:\WINDOWS\SYSTEM32\ntdll.dll
0x00007ffff1820000 - 0x00007ffff18d2000 	C:\WINDOWS\System32\KERNEL32.DLL
0x00007fffee810000 - 0x00007fffeea83000 	C:\WINDOWS\System32\KERNELBASE.dll
0x00007fffefbd0000 - 0x00007fffefc71000 	C:\WINDOWS\System32\ADVAPI32.dll
0x00007ffff1780000 - 0x00007ffff181e000 	C:\WINDOWS\System32\msvcrt.dll
0x00007fffef820000 - 0x00007fffef87b000 	C:\WINDOWS\System32\sechost.dll
0x00007fffeffe0000 - 0x00007ffff0104000 	C:\WINDOWS\System32\RPCRT4.dll
0x00007ffff15f0000 - 0x00007ffff1780000 	C:\WINDOWS\System32\USER32.dll
0x00007fffef600000 - 0x00007fffef620000 	C:\WINDOWS\System32\win32u.dll
0x00007fffef880000 - 0x00007fffef8a8000 	C:\WINDOWS\System32\GDI32.dll
0x00007fffef680000 - 0x00007fffef812000 	C:\WINDOWS\System32\gdi32full.dll
0x00007fffeea90000 - 0x00007fffeeb2f000 	C:\WINDOWS\System32\msvcp_win.dll
0x00007fffeec00000 - 0x00007fffeecfa000 	C:\WINDOWS\System32\ucrtbase.dll
0x00007fffec8e0000 - 0x00007fffecb49000 	C:\WINDOWS\WinSxS\amd64_microsoft.windows.common-controls_6595b64144ccf1df_6.0.17134.228_none_fb4599993062b194\COMCTL32.dll
0x00007fffefc80000 - 0x00007fffeffa3000 	C:\WINDOWS\System32\combase.dll
0x00007fffeeb30000 - 0x00007fffeebaa000 	C:\WINDOWS\System32\bcryptPrimitives.dll
0x00007fffeffb0000 - 0x00007fffeffdd000 	C:\WINDOWS\System32\IMM32.DLL
0x00007fffee540000 - 0x00007fffee59d000 	C:\Program Files\Citrix\System32\MfApHook64.dll
0x00007fffede20000 - 0x00007fffede4b000 	C:\Program Files\Citrix\ICAService\CtxDodHook64.dll
0x00007fffee460000 - 0x00007fffee492000 	C:\Program Files\Citrix\ICAService\picaFullScreenHookX64.dll
0x00007fffede50000 - 0x00007fffede9e000 	C:\Program Files\Citrix\ICAService\ShellHook64.dll
0x00007ffff01b0000 - 0x00007ffff15f0000 	C:\WINDOWS\System32\SHELL32.dll
0x00007fffeebb0000 - 0x00007fffeebf9000 	C:\WINDOWS\System32\cfgmgr32.dll
0x00007ffff18e0000 - 0x00007ffff1989000 	C:\WINDOWS\System32\shcore.dll
0x00007fffeed00000 - 0x00007fffef40d000 	C:\WINDOWS\System32\windows.storage.dll
0x00007ffff1f30000 - 0x00007ffff1f81000 	C:\WINDOWS\System32\shlwapi.dll
0x00007fffee6f0000 - 0x00007fffee701000 	C:\WINDOWS\System32\kernel.appcore.dll
0x00007fffee6d0000 - 0x00007fffee6ef000 	C:\WINDOWS\System32\profapi.dll
0x00007fffee710000 - 0x00007fffee75c000 	C:\WINDOWS\System32\powrprof.dll
0x00007fffee6a0000 - 0x00007fffee6aa000 	C:\WINDOWS\System32\FLTLIB.DLL
0x00007fffedca0000 - 0x00007fffede1c000 	C:\Program Files\Citrix\ICAService\SCardHook64.dll
0x00007fffed9a0000 - 0x00007fffed9ca000 	C:\Program Files\Citrix\ICAService\cxinjime64.dll
0x00007fffed950000 - 0x00007fffed998000 	C:\Program Files\Citrix\ICAService\PicaWtsHook64.dll
0x0000000060c30000 - 0x0000000060d02000 	C:\Program Files\Java\jre1.8.0_121\bin\msvcr100.dll
0x0000000060d10000 - 0x00000000615ab000 	C:\Program Files\Java\jre1.8.0_121\bin\server\jvm.dll
0x00007ffff2080000 - 0x00007ffff2088000 	C:\WINDOWS\System32\PSAPI.DLL
0x00007fffddb40000 - 0x00007fffddb49000 	C:\WINDOWS\SYSTEM32\WSOCK32.dll
0x00007ffff21f0000 - 0x00007ffff225c000 	C:\WINDOWS\System32\WS2_32.dll
0x00007fffdecb0000 - 0x00007fffdecd3000 	C:\WINDOWS\SYSTEM32\WINMM.dll
0x00007fffee350000 - 0x00007fffee35a000 	C:\WINDOWS\SYSTEM32\VERSION.dll
0x00007fffdec10000 - 0x00007fffdec3a000 	C:\WINDOWS\SYSTEM32\WINMMBASE.dll
0x0000000062380000 - 0x000000006238f000 	C:\Program Files\Java\jre1.8.0_121\bin\verify.dll
0x0000000061af0000 - 0x0000000061b19000 	C:\Program Files\Java\jre1.8.0_121\bin\java.dll
0x0000000062360000 - 0x0000000062376000 	C:\Program Files\Java\jre1.8.0_121\bin\zip.dll

VM Arguments:
jvm_args: -Dfile.encoding=UTF-8 
java_command: com.capgemini.app.App
java_class_path (initial): C:\Users\tkhandag\Documents\workspace-sts-3.9.7.RELEASE\springaopexample\target\classes;C:\Users\tkhandag\.m2\repository\org\springframework\spring-core\4.3.18.RELEASE\spring-core-4.3.18.RELEASE.jar;C:\Users\tkhandag\.m2\repository\commons-logging\commons-logging\1.2\commons-logging-1.2.jar;C:\Users\tkhandag\.m2\repository\org\springframework\spring-context\4.3.18.RELEASE\spring-context-4.3.18.RELEASE.jar;C:\Users\tkhandag\.m2\repository\org\springframework\spring-aop\4.3.18.RELEASE\spring-aop-4.3.18.RELEASE.jar;C:\Users\tkhandag\.m2\repository\org\springframework\spring-beans\4.3.18.RELEASE\spring-beans-4.3.18.RELEASE.jar;C:\Users\tkhandag\.m2\repository\org\springframework\spring-expression\4.3.18.RELEASE\spring-expression-4.3.18.RELEASE.jar;C:\Users\tkhandag\.m2\repository\org\springframework\spring-jdbc\5.1.3.RELEASE\spring-jdbc-5.1.3.RELEASE.jar;C:\Users\tkhandag\.m2\repository\org\springframework\spring-tx\5.1.3.RELEASE\spring-tx-5.1.3.RELEASE.jar;C:\Users\tkhandag\.m2\repository\org\aspectj\aspectjweaver\1.9.2\aspectjweaver-1.9.2.jar
Launcher Type: SUN_STANDARD

Environment Variables:
PATH=C:/Program Files/Java/jre1.8.0_121/bin/server;C:/Program Files/Java/jre1.8.0_121/bin;C:/Program Files/Java/jre1.8.0_121/lib/amd64;C:\Python34\;C:\Python34\Scripts;C:\oraclexe\app\oracle\product\11.2.0\server\bin;C:\ProgramData\Oracle\Java\javapath;C:\WINDOWS\system32;C:\WINDOWS;C:\WINDOWS\System32\Wbem;C:\WINDOWS\System32\WindowsPowerShell\v1.0\;C:\Program Files\TortoiseSVN\bin;C:\Program Files\nodejs\;C:\Program Files\Git\cmd;C:\Program Files (x86)\Microsoft SQL Server\110\Tools\Binn\ManagementStudio\;C:\Program Files (x86)\Microsoft SQL Server\110\Tools\Binn\;C:\Program Files (x86)\Microsoft SQL Server\110\DTS\Binn\;C:\Program Files\Citrix\System32\;C:\Program Files\Citrix\ICAService\;C:\WINDOWS\System32\OpenSSH\;C:\Users\tkhandag\AppData\Local\Microsoft\WindowsApps;C:\Users\tkhandag\AppData\Local\GitHubDesktop\bin;C:\Users\tkhandag\Downloads\spring Soft\sts-bundle\sts-3.9.7.RELEASE;
USERNAME=tkhandag
OS=Windows_NT
PROCESSOR_IDENTIFIER=Intel64 Family 15 Model 6 Stepping 1, GenuineIntel



---------------  S Y S T E M  ---------------

OS: Windows 10.0 , 64 bit Build 17134 (10.0.17134.1)

CPU:total 4 (2 cores per cpu, 1 threads per core) family 15 model 6 stepping 1, cmov, cx8, fxsr, mmx, sse, sse2, sse3, ssse3, sse4.1, sse4.2, popcnt, avx, avx2, aes, clmul, erms, rtm, 3dnowpref, lzcnt, tsc, bmi1, bmi2, adx

Memory: 4k page, physical 8388056k(1270952k free), swap 18697820k(5120k free)

vm_info: Java HotSpot(TM) 64-Bit Server VM (25.121-b13) for windows-amd64 JRE (1.8.0_121-b13), built on Dec 12 2016 18:21:36 by "java_re" with MS VC++ 10.0 (VS2010)

time: Tue Jan 08 14:45:26 2019
elapsed time: 0 seconds (0d 0h 0m 0s)

