#
# There is insufficient memory for the Java Runtime Environment to continue.
# Native memory allocation (malloc) failed to allocate 1048576 bytes for AllocateHeap
# Possible reasons:
#   The system is out of physical RAM or swap space
#   In 32 bit mode, the process size limit was hit
# Possible solutions:
#   Reduce memory load on the system
#   Increase physical memory or swap space
#   Check if swap backing store is full
#   Use 64 bit Java on a 64 bit OS
#   Decrease Java heap size (-Xmx/-Xms)
#   Decrease number of Java threads
#   Decrease Java thread stack sizes (-Xss)
#   Set larger code cache with -XX:ReservedCodeCacheSize=
# This output file may be truncated or incomplete.
#
#  Out of Memory Error (memory/allocation.inline.hpp:61), pid=26604, tid=0x0000000000008dac
#
# JRE version:  (8.0_121-b13) (build )
# Java VM: Java HotSpot(TM) 64-Bit Server VM (25.121-b13 mixed mode windows-amd64 compressed oops)
# Failed to write core dump. Minidumps are not enabled by default on client versions of Windows
#

---------------  T H R E A D  ---------------

Current thread (0x0000000002f9d800):  JavaThread "Unknown thread" [_thread_in_vm, id=36268, stack(0x0000000002ca0000,0x0000000002da0000)]

Stack: [0x0000000002ca0000,0x0000000002da0000]
[error occurred during error reporting (printing stack bounds), id 0xc0000005]

Native frames: (J=compiled Java code, j=interpreted, Vv=VM code, C=native code)


---------------  P R O C E S S  ---------------

Java Threads: ( => current thread )

Other Threads:

=>0x0000000002f9d800 (exited) JavaThread "Unknown thread" [_thread_in_vm, id=36268, stack(0x0000000002ca0000,0x0000000002da0000)]

VM state:not at safepoint (normal execution)

VM Mutex/Monitor currently owned by a thread: None

Heap:
 PSYoungGen      total 38400K, used 665K [0x00000000d5580000, 0x00000000d8000000, 0x0000000100000000)
  eden space 33280K, 2% used [0x00000000d5580000,0x00000000d5626670,0x00000000d7600000)
  from space 5120K, 0% used [0x00000000d7b00000,0x00000000d7b00000,0x00000000d8000000)
  to   space 5120K, 0% used [0x00000000d7600000,0x00000000d7600000,0x00000000d7b00000)
 ParOldGen       total 87552K, used 0K [0x0000000080000000, 0x0000000085580000, 0x00000000d5580000)
  object space 87552K, 0% used [0x0000000080000000,0x0000000080000000,0x0000000085580000)
 Metaspace       used 752K, capacity 1092K, committed 1152K, reserved 1060864K
  class space    used 75K, capacity 384K, committed 384K, reserved 1048576K

Card table byte_map: [0x0000000012360000,0x0000000012770000] byte_map_base: 0x0000000011f60000

Marking Bits: (ParMarkBitMap*) 0x000000006152b6d0
 Begin Bits: [0x0000000012e20000, 0x0000000014e20000)
 End Bits:   [0x0000000014e20000, 0x0000000016e20000)

Polling page: 0x0000000002da0000

CodeCache: size=245760Kb used=328Kb max_used=328Kb free=245431Kb
 bounds [0x0000000002fa0000, 0x0000000003210000, 0x0000000011fa0000]
 total_blobs=57 nmethods=0 adapters=38
 compilation: enabled

Compilation events (0 events):
No events

GC Heap History (0 events):
No events

Deoptimization events (0 events):
No events

Internal exceptions (0 events):
No events

Events (10 events):
Event: 0.034 loading class java/lang/Short
Event: 0.034 loading class java/lang/Short done
Event: 0.034 loading class java/lang/Integer
Event: 0.034 loading class java/lang/Integer done
Event: 0.034 loading class java/lang/Long
Event: 0.034 loading class java/lang/Long done
Event: 0.035 loading class java/lang/NullPointerException
Event: 0.035 loading class java/lang/NullPointerException done
Event: 0.035 loading class java/lang/ArithmeticException
Event: 0.035 loading class java/lang/ArithmeticException done


Dynamic libraries:
0x00007ff757230000 - 0x00007ff757267000 	C:\Program Files\Java\jre1.8.0_121\bin\javaw.exe
0x00007ffff2390000 - 0x00007ffff2571000 	C:\WINDOWS\SYSTEM32\ntdll.dll
0x00007ffff1820000 - 0x00007ffff18d2000 	C:\WINDOWS\System32\KERNEL32.DLL
0x00007fffee810000 - 0x00007fffeea83000 	C:\WINDOWS\System32\KERNELBASE.dll
0x00007fffefbd0000 - 0x00007fffefc71000 	C:\WINDOWS\System32\ADVAPI32.dll
0x00007ffff1780000 - 0x00007ffff181e000 	C:\WINDOWS\System32\msvcrt.dll
0x00007fffef820000 - 0x00007fffef87b000 	C:\WINDOWS\System32\sechost.dll
0x00007fffeffe0000 - 0x00007ffff0104000 	C:\WINDOWS\System32\RPCRT4.dll
0x00007ffff15f0000 - 0x00007ffff1780000 	C:\WINDOWS\System32\USER32.dll
0x00007fffef600000 - 0x00007fffef620000 	C:\WINDOWS\System32\win32u.dll
0x00007fffef880000 - 0x00007fffef8a8000 	C:\WINDOWS\System32\GDI32.dll
0x00007fffef680000 - 0x00007fffef812000 	C:\WINDOWS\System32\gdi32full.dll
0x00007fffeea90000 - 0x00007fffeeb2f000 	C:\WINDOWS\System32\msvcp_win.dll
0x00007fffeec00000 - 0x00007fffeecfa000 	C:\WINDOWS\System32\ucrtbase.dll
0x00007fffec8e0000 - 0x00007fffecb49000 	C:\WINDOWS\WinSxS\amd64_microsoft.windows.common-controls_6595b64144ccf1df_6.0.17134.228_none_fb4599993062b194\COMCTL32.dll
0x00007fffefc80000 - 0x00007fffeffa3000 	C:\WINDOWS\System32\combase.dll
0x00007fffeeb30000 - 0x00007fffeebaa000 	C:\WINDOWS\System32\bcryptPrimitives.dll
0x00007fffeffb0000 - 0x00007fffeffdd000 	C:\WINDOWS\System32\IMM32.DLL
0x00007fffee540000 - 0x00007fffee59d000 	C:\Program Files\Citrix\System32\MfApHook64.dll
0x00007fffede20000 - 0x00007fffede4b000 	C:\Program Files\Citrix\ICAService\CtxDodHook64.dll
0x00007fffee460000 - 0x00007fffee492000 	C:\Program Files\Citrix\ICAService\picaFullScreenHookX64.dll
0x00007fffede50000 - 0x00007fffede9e000 	C:\Program Files\Citrix\ICAService\ShellHook64.dll
0x00007ffff01b0000 - 0x00007ffff15f0000 	C:\WINDOWS\System32\SHELL32.dll
0x00007fffeebb0000 - 0x00007fffeebf9000 	C:\WINDOWS\System32\cfgmgr32.dll
0x00007ffff18e0000 - 0x00007ffff1989000 	C:\WINDOWS\System32\shcore.dll
0x00007fffeed00000 - 0x00007fffef40d000 	C:\WINDOWS\System32\windows.storage.dll
0x00007ffff1f30000 - 0x00007ffff1f81000 	C:\WINDOWS\System32\shlwapi.dll
0x00007fffee6f0000 - 0x00007fffee701000 	C:\WINDOWS\System32\kernel.appcore.dll
0x00007fffee6d0000 - 0x00007fffee6ef000 	C:\WINDOWS\System32\profapi.dll
0x00007fffee710000 - 0x00007fffee75c000 	C:\WINDOWS\System32\powrprof.dll
0x00007fffee6a0000 - 0x00007fffee6aa000 	C:\WINDOWS\System32\FLTLIB.DLL
0x00007fffedca0000 - 0x00007fffede1c000 	C:\Program Files\Citrix\ICAService\SCardHook64.dll
0x00007fffed9a0000 - 0x00007fffed9ca000 	C:\Program Files\Citrix\ICAService\cxinjime64.dll
0x00007fffed950000 - 0x00007fffed998000 	C:\Program Files\Citrix\ICAService\PicaWtsHook64.dll
0x0000000060c30000 - 0x0000000060d02000 	C:\Program Files\Java\jre1.8.0_121\bin\msvcr100.dll
0x0000000060d10000 - 0x00000000615ab000 	C:\Program Files\Java\jre1.8.0_121\bin\server\jvm.dll
0x00007ffff2080000 - 0x00007ffff2088000 	C:\WINDOWS\System32\PSAPI.DLL
0x00007fffee350000 - 0x00007fffee35a000 	C:\WINDOWS\SYSTEM32\VERSION.dll
0x00007fffdecb0000 - 0x00007fffdecd3000 	C:\WINDOWS\SYSTEM32\WINMM.dll
0x00007fffddb40000 - 0x00007fffddb49000 	C:\WINDOWS\SYSTEM32\WSOCK32.dll
0x00007ffff21f0000 - 0x00007ffff225c000 	C:\WINDOWS\System32\WS2_32.dll
0x00007fffdec10000 - 0x00007fffdec3a000 	C:\WINDOWS\SYSTEM32\WINMMBASE.dll
0x0000000062380000 - 0x000000006238f000 	C:\Program Files\Java\jre1.8.0_121\bin\verify.dll
0x0000000061af0000 - 0x0000000061b19000 	C:\Program Files\Java\jre1.8.0_121\bin\java.dll
0x0000000062360000 - 0x0000000062376000 	C:\Program Files\Java\jre1.8.0_121\bin\zip.dll

VM Arguments:
jvm_args: -Dfile.encoding=UTF-8 
java_command: com.capgemini.app.App
java_class_path (initial): C:\Users\tkhandag\Documents\workspace-sts-3.9.7.RELEASE\springaopexample\target\classes;C:\Users\tkhandag\.m2\repository\org\springframework\spring-core\4.3.18.RELEASE\spring-core-4.3.18.RELEASE.jar;C:\Users\tkhandag\.m2\repository\commons-logging\commons-logging\1.2\commons-logging-1.2.jar;C:\Users\tkhandag\.m2\repository\org\springframework\spring-context\4.3.18.RELEASE\spring-context-4.3.18.RELEASE.jar;C:\Users\tkhandag\.m2\repository\org\springframework\spring-aop\4.3.18.RELEASE\spring-aop-4.3.18.RELEASE.jar;C:\Users\tkhandag\.m2\repository\org\springframework\spring-beans\4.3.18.RELEASE\spring-beans-4.3.18.RELEASE.jar;C:\Users\tkhandag\.m2\repository\org\springframework\spring-expression\4.3.18.RELEASE\spring-expression-4.3.18.RELEASE.jar;C:\Users\tkhandag\.m2\repository\org\springframework\spring-jdbc\5.1.3.RELEASE\spring-jdbc-5.1.3.RELEASE.jar;C:\Users\tkhandag\.m2\repository\org\springframework\spring-tx\5.1.3.RELEASE\spring-tx-5.1.3.RELEASE.jar;C:\Users\tkhandag\.m2\repository\org\aspectj\aspectjweaver\1.9.2\aspectjweaver-1.9.2.jar
Launcher Type: SUN_STANDARD

Environment Variables:
PATH=C:/Program Files/Java/jre1.8.0_121/bin/server;C:/Program Files/Java/jre1.8.0_121/bin;C:/Program Files/Java/jre1.8.0_121/lib/amd64;C:\Python34\;C:\Python34\Scripts;C:\oraclexe\app\oracle\product\11.2.0\server\bin;C:\ProgramData\Oracle\Java\javapath;C:\WINDOWS\system32;C:\WINDOWS;C:\WINDOWS\System32\Wbem;C:\WINDOWS\System32\WindowsPowerShell\v1.0\;C:\Program Files\TortoiseSVN\bin;C:\Program Files\nodejs\;C:\Program Files\Git\cmd;C:\Program Files (x86)\Microsoft SQL Server\110\Tools\Binn\ManagementStudio\;C:\Program Files (x86)\Microsoft SQL Server\110\Tools\Binn\;C:\Program Files (x86)\Microsoft SQL Server\110\DTS\Binn\;C:\Program Files\Citrix\System32\;C:\Program Files\Citrix\ICAService\;C:\WINDOWS\System32\OpenSSH\;C:\Users\tkhandag\AppData\Local\Microsoft\WindowsApps;C:\Users\tkhandag\AppData\Local\GitHubDesktop\bin;C:\Users\tkhandag\Downloads\spring Soft\sts-bundle\sts-3.9.7.RELEASE;
USERNAME=tkhandag
OS=Windows_NT
PROCESSOR_IDENTIFIER=Intel64 Family 15 Model 6 Stepping 1, GenuineIntel



---------------  S Y S T E M  ---------------

OS: Windows 10.0 , 64 bit Build 17134 (10.0.17134.1)

CPU:total 4 (2 cores per cpu, 1 threads per core) family 15 model 6 stepping 1, cmov, cx8, fxsr, mmx, sse, sse2, sse3, ssse3, sse4.1, sse4.2, popcnt, avx, avx2, aes, clmul, erms, rtm, 3dnowpref, lzcnt, tsc, bmi1, bmi2, adx

Memory: 4k page, physical 8388056k(1347976k free), swap 18697820k(5964k free)

vm_info: Java HotSpot(TM) 64-Bit Server VM (25.121-b13) for windows-amd64 JRE (1.8.0_121-b13), built on Dec 12 2016 18:21:36 by "java_re" with MS VC++ 10.0 (VS2010)

time: Tue Jan 08 17:25:28 2019
elapsed time: 0 seconds (0d 0h 0m 0s)

